<?xml version="1.0" encoding="UTF-8"?>
<testsuite xmlns:xsi="http://www.w3.org/2001/XMLSchema-instance" xsi:noNamespaceSchemaLocation="https://maven.apache.org/surefire/maven-surefire-plugin/xsd/surefire-test-report.xsd" name="com.company.service.UrlRedisServiceImplTest" time="1.858" tests="5" errors="0" skipped="0" failures="0">
  <properties>
[...]
</properties>
  <testcase name="testGetUrl_shouldThrowBadArgumentsExceptionWhenNullUrlIdIsPassed" classname="com.company.service.UrlRedisServiceImplTest" time="1.384"/>
  <testcase name="testGetUrl_shouldThrowBadArgumentsExceptionWhenEmptyUrlIdIsPassed" classname="com.company.service.UrlRedisServiceImplTest" time="0.003"/>
  <testcase name="test_getUrl" classname="com.company.service.UrlRedisServiceImplTest" time="0.439"/>
  <testcase name="test_createUrl" classname="com.company.service.UrlRedisServiceImplTest" time="0.027"/>
  <testcase name="testCreate_shouldThrowBadArgumentsExceptionWhenEmptyUrlIsPassed" classname="com.company.service.UrlRedisServiceImplTest" time="0.002"/>
</testsuite>